{
  "total": 50345,
  "approved": 1,
  "pending": 1,
  "rejected": 1,
  "pendingSubmission": 1,
  "ete": 3,
  "qa": 8,
  "prod": 1,
  "prodReady": 1
}


[
  {
    "id": 1,
    "name": "FuturePricingReview_Capturer"
  },
  {
    "id": 2,
    "name": "FuturePricingReview_Reviewer"
  },
  {
    "id": 3,
    "name": "FuturePricingReview_ReviewerReadOnly"
  },
  {
    "id": 4,
    "name": "FuturePricingReview_BusinessAdministrator"
  },
  {
    "id": 5,
    "name": "FuturePricingReview_PLMAdministrator"
  }
]
